{
  "meta": {
    "version": "6.2",
    "timestamp": "2022-01-22T15:35:01.192339",
    "branch_coverage": false,
    "show_contexts": false
  },
  "files": {
    "dicom_rest_service/app.py": {
      "executed_lines": [],
      "summary": {
        "covered_lines": 0,
        "num_statements": 38,
        "percent_covered": 0.0,
        "percent_covered_display": "0",
        "missing_lines": 38,
        "excluded_lines": 0
      },
      "missing_lines": [
        2,
        3,
        4,
        5,
        6,
        8,
        9,
        11,
        14,
        15,
        16,
        17,
        18,
        19,
        20,
        21,
        22,
        23,
        24,
        25,
        26,
        27,
        28,
        29,
        30,
        32,
        33,
        34,
        36,
        37,
        38,
        39,
        41,
        42,
        44,
        45,
        47,
        48
      ],
      "excluded_lines": []
    },
    "dicom_rest_service/test_app.py": {
      "executed_lines": [
        2,
        3,
        6,
        7
      ],
      "summary": {
        "covered_lines": 4,
        "num_statements": 4,
        "percent_covered": 100.0,
        "percent_covered_display": "100",
        "missing_lines": 0,
        "excluded_lines": 0
      },
      "missing_lines": [],
      "excluded_lines": []
    }
  },
  "totals": {
    "covered_lines": 4,
    "num_statements": 42,
    "percent_covered": 9.523809523809524,
    "percent_covered_display": "10",
    "missing_lines": 38,
    "excluded_lines": 0
  }
}